<?xml version="1.0" encoding="UTF-8"?>
<!-- Generated by org.testng.reporters.JUnitReportReporter -->
<testsuite hostname="DESKTOP-O2DKLUF" failures="0" tests="2" name="MavenPractice.ContactTest" time="0.000" errors="0" timestamp="2025-03-03T16:15:11 IST" skipped="0">
  <testcase classname="MavenPractice.ContactTest" name="modifyContactTest" time="0.000"/>
  <testcase classname="MavenPractice.ContactTest" name="createContactTest" time="0.000"/>
</testsuite> <!-- MavenPractice.ContactTest -->
