<?xml version="1.0" encoding="UTF-8"?>
<!-- Generated by org.testng.reporters.JUnitReportReporter -->
<testsuite hostname="DESKTOP-O2DKLUF" failures="0" tests="2" name="Maven1Practice.OrgTest" time="0.007" errors="0" timestamp="2025-03-03T16:15:46 IST" skipped="0">
  <testcase classname="Maven1Practice.OrgTest" name="modifyOrgTest" time="0.000"/>
  <testcase classname="Maven1Practice.OrgTest" name="createOrgTest" time="0.007"/>
</testsuite> <!-- Maven1Practice.OrgTest -->
