<?xml version="1.0" encoding="UTF-8"?>
<!-- Generated by org.testng.reporters.JUnitReportReporter -->
<testsuite hostname="HAQUE2531" failures="0" tests="1" name="Sample1" time="0.016" errors="0" timestamp="2025-02-08T16:37:38 IST" skipped="0">
  <testcase classname="Sample1" name="sampleTest" time="0.016"/>
  <system-out/>
</testsuite> <!-- Sample1 -->
