<?xml version="1.0" encoding="UTF-8"?>
<!-- Generated by org.testng.reporters.JUnitReportReporter -->
<testsuite hostname="HAQUE2531" failures="0" tests="2" name="samplePackage.Sample1" time="0.017" errors="0" timestamp="2025-02-10T16:12:11 IST" skipped="0">
  <testcase classname="samplePackage.Sample1" name="sampleTest" time="0.005"/>
  <system-out/>
  <testcase classname="samplePackage.Sample1" name="SampeTest2" time="0.012"/>
  <system-out/>
</testsuite> <!-- samplePackage.Sample1 -->
