<?xml version="1.0" encoding="UTF-8"?>
<!-- Generated by org.testng.reporters.JUnitReportReporter -->
<testsuite hostname="HAQUE2531" failures="0" tests="2" name="samplePackage.Sample2" time="0.010" errors="0" timestamp="2025-02-08T17:15:24 IST" skipped="0">
  <testcase classname="samplePackage.Sample2" name="SampeTest4" time="0.006"/>
  <system-out/>
  <testcase classname="samplePackage.Sample2" name="sampleTest3" time="0.004"/>
  <system-out/>
</testsuite> <!-- samplePackage.Sample2 -->
